<?xml version="1.0" encoding="UTF-8"?>
<!-- Generated by org.testng.reporters.JUnitReportReporter -->
<testsuite name="com.testcases.HomeTestPage" tests="2" time="44.122" ignored="0" failures="0" timestamp="12 Jun 2019 08:18:56 GMT" skipped="0" hostname="hgugapmbpp15077" errors="0">
  <testcase name="verifyCommunity" time="33.181" classname="com.testcases.HomeTestPage"/>
  <testcase name="verifyHeroSlider" time="10.941" classname="com.testcases.HomeTestPage"/>
</testsuite> <!-- com.testcases.HomeTestPage -->
