<?xml version="1.0" encoding="UTF-8"?>
<!-- Generated by org.testng.reporters.JUnitReportReporter -->
<testsuite name="com.testcases.HeaderTestPage" tests="3" time="53.320" ignored="0" failures="0" timestamp="12 Jun 2019 08:18:56 GMT" skipped="0" hostname="hgugapmbpp15077" errors="0">
  <testcase name="verifyUpperheaderPage" time="18.205" classname="com.testcases.HeaderTestPage"/>
  <testcase name="verifyGlobalheaderPage" time="10.896" classname="com.testcases.HeaderTestPage"/>
  <testcase name="verifySubheaderAboutUsPage" time="24.219" classname="com.testcases.HeaderTestPage"/>
</testsuite> <!-- com.testcases.HeaderTestPage -->
