<?xml version="1.0" encoding="UTF-8"?>
<!-- Generated by org.testng.reporters.JUnitReportReporter -->
<testsuite name="com.testcases.FooterTestPage" tests="1" time="16.792" ignored="0" failures="0" timestamp="01 Jul 2019 10:33:22 GMT" skipped="0" hostname="hgugapmbpp15077" errors="0">
  <testcase name="verifyFooter" time="16.792" classname="com.testcases.FooterTestPage"/>
</testsuite> <!-- com.testcases.FooterTestPage -->
