<?xml version="1.0" encoding="UTF-8"?>
<!-- Generated by org.testng.reporters.JUnitReportReporter -->
<testsuite name="com.testcases.HomeTestPage" tests="2" time="44.335" ignored="0" failures="0" timestamp="01 Jul 2019 10:33:22 GMT" skipped="0" hostname="hgugapmbpp15077" errors="0">
  <testcase name="verifyHeroSlider" time="10.966" classname="com.testcases.HomeTestPage"/>
  <testcase name="verifyCommunity" time="33.369" classname="com.testcases.HomeTestPage"/>
</testsuite> <!-- com.testcases.HomeTestPage -->
