<?xml version="1.0" encoding="UTF-8"?>
<!-- Generated by org.testng.reporters.JUnitReportReporter -->
<testsuite name="com.testcases.HeaderTestPage" tests="3" time="59.408" ignored="0" failures="0" timestamp="01 Jul 2019 10:33:22 GMT" skipped="0" hostname="hgugapmbpp15077" errors="0">
  <testcase name="verifySubheaderAboutUsPage" time="29.039" classname="com.testcases.HeaderTestPage"/>
  <testcase name="verifyGlobalheaderPage" time="12.179" classname="com.testcases.HeaderTestPage"/>
  <testcase name="verifyUpperheaderPage" time="18.190" classname="com.testcases.HeaderTestPage"/>
</testsuite> <!-- com.testcases.HeaderTestPage -->
